============================= test session starts =============================
platform win32 -- Python 3.14.2, pytest-9.0.3, pluggy-1.6.0
rootdir: C:\Users\Utilisateur\Documents\NeuralDBG
configfile: pyproject.toml
plugins: anyio-4.13.0, hydra-core-1.3.2, cov-7.1.0
collected 3 items

tests\integration\test_mlflow_demo.py F                                  [ 33%]
tests\integration\test_semantic_demo.py FF                               [100%]

================================== FAILURES ===================================
_______________ test_demo_logs_metrics_and_artifacts_to_mlflow ________________

tmp_path = WindowsPath('C:/Users/Utilisateur/AppData/Local/Temp/pytest-of-Utilisateur/pytest-64/test_demo_logs_metrics_and_art0')
monkeypatch = <_pytest.monkeypatch.MonkeyPatch object at 0x0000023878CC4E90>

    def test_demo_logs_metrics_and_artifacts_to_mlflow(tmp_path, monkeypatch):
        """Verify the demo writes a run, metrics, params, and artifacts to MLflow."""
        tracking_dir = tmp_path / "mlruns"
        tracking_uri = tracking_dir.as_uri()
        monkeypatch.setenv("MLFLOW_TRACKING_URI", tracking_uri)
        mlflow.end_run()
    
        mlflow.set_tracking_uri(tracking_uri)
        model = create_failing_model()
        dataloader = create_problematic_data()
    
        train_with_monitoring(model, dataloader, num_steps=5)
    
        client = MlflowClient(tracking_uri=tracking_uri)
        experiment = client.get_experiment_by_name("neuraldbg-vanishing-gradients")
    
        assert experiment is not None
    
        runs = client.search_runs(
            experiment_ids=[experiment.experiment_id],
            max_results=1,
            order_by=["attribute.start_time DESC"],
        )
    
        assert len(runs) == 1
    
        run = runs[0]
        assert run.data.params["lr"] == "0.0001"
>       assert "total_events" in run.data.metrics
E       AssertionError: assert 'total_events' in {'grad_norm/Linear_0': 0.0015390650369226933, 'grad_norm/Linear_2': 0.0030021246057003736, 'grad_norm/Linear_4': 0.006007303483784199, 'grad_norm/Linear_6': 0.01089603640139103, ...}
E        +  where {'grad_norm/Linear_0': 0.0015390650369226933, 'grad_norm/Linear_2': 0.0030021246057003736, 'grad_norm/Linear_4': 0.006007303483784199, 'grad_norm/Linear_6': 0.01089603640139103, ...} = <RunData: metrics={'grad_norm/Linear_0': 0.0015390650369226933,\n 'grad_norm/Linear_2': 0.0030021246057003736,\n 'grad_n...alDBG\\.venv\\Lib\\site-packages\\pytest\\__main__.py',\n 'mlflow.source.type': 'LOCAL',\n 'mlflow.user': 'Utilisateur'}>.metrics
E        +    where <RunData: metrics={'grad_norm/Linear_0': 0.0015390650369226933,\n 'grad_norm/Linear_2': 0.0030021246057003736,\n 'grad_n...alDBG\\.venv\\Lib\\site-packages\\pytest\\__main__.py',\n 'mlflow.source.type': 'LOCAL',\n 'mlflow.user': 'Utilisateur'}> = <Run: data=<RunData: metrics={'grad_norm/Linear_0': 0.0015390650369226933,\n 'grad_norm/Linear_2': 0.003002124605700373...user_id='Utilisateur'>, inputs=<RunInputs: dataset_inputs=[], model_inputs=[]>, outputs=<RunOutputs: model_outputs=[]>>.data

tests\integration\test_mlflow_demo.py:45: AssertionError
---------------------------- Captured stdout call -----------------------------
[TRAINING] NeuralDBG monitoring active...
   Model: Deep Tanh network with small LR
   Expected: Vanishing gradients due to saturation + small LR

Step 0: Loss = 0.003114
---------------------------- Captured stderr call -----------------------------
2026/05/18 13:22:41 INFO mlflow.tracking.fluent: Experiment with name 'neuraldbg-vanishing-gradients' does not exist. Creating a new experiment.
____________________ test_demo_produces_causal_hypotheses _____________________

    def test_demo_produces_causal_hypotheses():
        """Verify the demo produces reasonable causal hypotheses for vanishing gradients."""
        model = create_failing_model()
        dataloader = create_problematic_data()
    
>       dbg = train_with_monitoring(model, dataloader, num_steps=10)  # Shorter for test
              ^^^^^^^^^^^^^^^^^^^^^^^^^^^^^^^^^^^^^^^^^^^^^^^^^^^^^^

tests\integration\test_semantic_demo.py:21: 
_ _ _ _ _ _ _ _ _ _ _ _ _ _ _ _ _ _ _ _ _ _ _ _ _ _ _ _ _ _ _ _ _ _ _ _ _ _ _ _
examples\demo_vanishing_gradients.py:96: in train_with_monitoring
    mlflow.log_params({
.venv\Lib\site-packages\mlflow\tracking\fluent.py:1409: in log_params
    return MlflowClient().log_batch(
.venv\Lib\site-packages\mlflow\tracking\client.py:2704: in log_batch
    return self._tracking_client.log_batch(
.venv\Lib\site-packages\mlflow\telemetry\track.py:30: in wrapper
    result = func(*args, **kwargs)
             ^^^^^^^^^^^^^^^^^^^^^
.venv\Lib\site-packages\mlflow\tracking\_tracking_service\client.py:569: in log_batch
    self.store.log_batch(
.venv\Lib\site-packages\mlflow\store\tracking\file_store.py:1247: in log_batch
    run_info = self._get_run_info(run_id)
               ^^^^^^^^^^^^^^^^^^^^^^^^^^
_ _ _ _ _ _ _ _ _ _ _ _ _ _ _ _ _ _ _ _ _ _ _ _ _ _ _ _ _ _ _ _ _ _ _ _ _ _ _ _

self = <mlflow.store.tracking.file_store.FileStore object at 0x0000023878C996D0>
run_uuid = '676090e2fbf545288509063b5d8fb7c2'

    def _get_run_info(self, run_uuid):
        """
        Note: Will get both active and deleted runs.
        """
        exp_id, run_dir = self._find_run_root(run_uuid)
        if run_dir is None:
>           raise MlflowException(
                f"Run '{run_uuid}' not found", databricks_pb2.RESOURCE_DOES_NOT_EXIST
            )
E           mlflow.exceptions.MlflowException: Run '676090e2fbf545288509063b5d8fb7c2' not found

.venv\Lib\site-packages\mlflow\store\tracking\file_store.py:804: MlflowException
____________________ test_demo_couplings_are_deduplicated _____________________

    def test_demo_couplings_are_deduplicated():
        """Verify that coupled failures are deduplicated as per recent fixes."""
        model = create_failing_model()
        dataloader = create_problematic_data()
    
>       dbg = train_with_monitoring(model, dataloader, num_steps=10)
              ^^^^^^^^^^^^^^^^^^^^^^^^^^^^^^^^^^^^^^^^^^^^^^^^^^^^^^

tests\integration\test_semantic_demo.py:41: 
_ _ _ _ _ _ _ _ _ _ _ _ _ _ _ _ _ _ _ _ _ _ _ _ _ _ _ _ _ _ _ _ _ _ _ _ _ _ _ _
examples\demo_vanishing_gradients.py:96: in train_with_monitoring
    mlflow.log_params({
.venv\Lib\site-packages\mlflow\tracking\fluent.py:1409: in log_params
    return MlflowClient().log_batch(
.venv\Lib\site-packages\mlflow\tracking\client.py:2704: in log_batch
    return self._tracking_client.log_batch(
.venv\Lib\site-packages\mlflow\telemetry\track.py:30: in wrapper
    result = func(*args, **kwargs)
             ^^^^^^^^^^^^^^^^^^^^^
.venv\Lib\site-packages\mlflow\tracking\_tracking_service\client.py:569: in log_batch
    self.store.log_batch(
.venv\Lib\site-packages\mlflow\store\tracking\file_store.py:1247: in log_batch
    run_info = self._get_run_info(run_id)
               ^^^^^^^^^^^^^^^^^^^^^^^^^^
_ _ _ _ _ _ _ _ _ _ _ _ _ _ _ _ _ _ _ _ _ _ _ _ _ _ _ _ _ _ _ _ _ _ _ _ _ _ _ _

self = <mlflow.store.tracking.file_store.FileStore object at 0x0000023878C996D0>
run_uuid = '676090e2fbf545288509063b5d8fb7c2'

    def _get_run_info(self, run_uuid):
        """
        Note: Will get both active and deleted runs.
        """
        exp_id, run_dir = self._find_run_root(run_uuid)
        if run_dir is None:
>           raise MlflowException(
                f"Run '{run_uuid}' not found", databricks_pb2.RESOURCE_DOES_NOT_EXIST
            )
E           mlflow.exceptions.MlflowException: Run '676090e2fbf545288509063b5d8fb7c2' not found

.venv\Lib\site-packages\mlflow\store\tracking\file_store.py:804: MlflowException
============================== warnings summary ===============================
tests/integration/test_mlflow_demo.py::test_demo_logs_metrics_and_artifacts_to_mlflow
tests/integration/test_semantic_demo.py::test_demo_produces_causal_hypotheses
  C:\Users\Utilisateur\Documents\NeuralDBG\.venv\Lib\site-packages\mlflow\tracking\_tracking_service\utils.py:184: FutureWarning: The filesystem tracking backend (e.g., './mlruns') is deprecated as of February 2026. Consider transitioning to a database backend (e.g., 'sqlite:///mlflow.db') to take advantage of the latest MLflow features. See https://mlflow.org/docs/latest/self-hosting/migrate-from-file-store for migration guidance.
    return FileStore(store_uri, store_uri)

tests/integration/test_mlflow_demo.py::test_demo_logs_metrics_and_artifacts_to_mlflow
tests/integration/test_mlflow_demo.py::test_demo_logs_metrics_and_artifacts_to_mlflow
tests/integration/test_mlflow_demo.py::test_demo_logs_metrics_and_artifacts_to_mlflow
tests/integration/test_mlflow_demo.py::test_demo_logs_metrics_and_artifacts_to_mlflow
  C:\Users\Utilisateur\Documents\NeuralDBG\.venv\Lib\site-packages\mlflow\utils\yaml_utils.py:43: DeprecationWarning: codecs.open() is deprecated. Use open() instead.
    with codecs.open(yaml_file_name, mode="w", encoding=ENCODING) as yaml_file:

tests/integration/test_mlflow_demo.py: 70 warnings
tests/integration/test_semantic_demo.py: 4 warnings
  C:\Users\Utilisateur\Documents\NeuralDBG\.venv\Lib\site-packages\mlflow\utils\yaml_utils.py:105: DeprecationWarning: codecs.open() is deprecated. Use open() instead.
    with codecs.open(file_path, mode="r", encoding=ENCODING) as yaml_file:

tests/integration/test_mlflow_demo.py: 11 warnings
  C:\Users\Utilisateur\Documents\NeuralDBG\.venv\Lib\site-packages\mlflow\utils\file_utils.py:304: DeprecationWarning: codecs.open() is deprecated. Use open() instead.
    with codecs.open(filename, mode="w", encoding=ENCODING) as handle:

tests/integration/test_mlflow_demo.py: 14 warnings
  C:\Users\Utilisateur\Documents\NeuralDBG\.venv\Lib\site-packages\mlflow\utils\file_utils.py:279: DeprecationWarning: codecs.open() is deprecated. Use open() instead.
    with codecs.open(file_path, mode="r", encoding=ENCODING) as f:

tests/integration/test_mlflow_demo.py::test_demo_logs_metrics_and_artifacts_to_mlflow
  C:\Users\Utilisateur\Documents\NeuralDBG\.venv\Lib\site-packages\torch\nn\modules\module.py:1870: FutureWarning: Using a non-full backward hook when the forward contains multiple autograd Nodes is deprecated and will be removed in future versions. This hook will be missing some grad_input. Please use register_full_backward_hook to get the documented behavior.
    self._maybe_warn_non_full_backward_hook(args, result, grad_fn)

tests/integration/test_mlflow_demo.py: 11 warnings
  C:\Users\Utilisateur\Documents\NeuralDBG\.venv\Lib\site-packages\mlflow\utils\file_utils.py:263: DeprecationWarning: codecs.open() is deprecated. Use open() instead.
    with codecs.open(file_path, mode="r", encoding=ENCODING) as f:

-- Docs: https://docs.pytest.org/en/stable/how-to/capture-warnings.html
=========================== short test summary info ===========================
FAILED tests/integration/test_mlflow_demo.py::test_demo_logs_metrics_and_artifacts_to_mlflow
FAILED tests/integration/test_semantic_demo.py::test_demo_produces_causal_hypotheses
FAILED tests/integration/test_semantic_demo.py::test_demo_couplings_are_deduplicated
======================= 3 failed, 117 warnings in 8.25s =======================
